<?xml version="1.0" encoding="UTF-8"?>
<testsuite xmlns:xsi="http://www.w3.org/2001/XMLSchema-instance" xsi:noNamespaceSchemaLocation="https://maven.apache.org/surefire/maven-surefire-plugin/xsd/surefire-test-report-3.0.xsd" version="3.0" name="service.OhmServiceTest" time="0.063" tests="11" errors="0" skipped="0" failures="0">
  <properties>
[...]
</properties>
  <testcase name="testParametrosInvalidos" classname="service.OhmServiceTest" time="0.004"/>
  <testcase name="testCalcularResistencia" classname="service.OhmServiceTest" time="0.0"/>
  <testcase name="testCalcularVoltaje" classname="service.OhmServiceTest" time="0.0"/>
  <testcase name="testCalcularCorriente" classname="service.OhmServiceTest" time="0.0"/>
  <testcase name="testRoundingUpMultiplication" classname="service.OhmServiceTest" time="0.0"/>
  <testcase name="testRoundingUpDivisionResistencia" classname="service.OhmServiceTest" time="0.0"/>
  <testcase name="testNegativeValueDivisionResistencia" classname="service.OhmServiceTest" time="0.0"/>
  <testcase name="testResistenciaCero" classname="service.OhmServiceTest" time="0.0"/>
  <testcase name="testNegativeValueMultiplication" classname="service.OhmServiceTest" time="0.0"/>
  <testcase name="testRoundingUpDivisionCorriente" classname="service.OhmServiceTest" time="0.0"/>
  <testcase name="testCorrienteCero" classname="service.OhmServiceTest" time="0.0"/>
</testsuite>